============================================================
  Generated by:           Genus(TM) Synthesis Solution 20.11-s111_1
  Generated on:           Jul 05 2024  01:50:52 pm
  Module:                 dadda
  Operating conditions:   fast (balanced_tree)
  Wireload mode:          enclosed
  Area mode:              timing library
============================================================

                                
   Gate    Instances    Area     Library  
------------------------------------------
ADDHX1             2     79.834    tsmc18 
ADDHX2             5    299.376    tsmc18 
AHHCINX2           1     39.917    tsmc18 
AHHCONX2           2     73.181    tsmc18 
AND2X2            26    345.946    tsmc18 
AND2X4             9    149.688    tsmc18 
AOI22X1            4     66.528    tsmc18 
AOI22X2            1     29.938    tsmc18 
AOI22XL            1     16.632    tsmc18 
AOI2BB1X1          1     16.632    tsmc18 
AOI2BB1XL          1     16.632    tsmc18 
BUFX3              1     13.306    tsmc18 
CLKBUFX16          7    442.411    tsmc18 
CLKBUFX20          9    718.502    tsmc18 
CLKBUFXL           1     13.306    tsmc18 
CLKINVX2           2     19.958    tsmc18 
CLKINVX3          26    259.459    tsmc18 
CLKINVX4           1     13.306    tsmc18 
CMPR22X1           3    119.750    tsmc18 
DFFHQX4            7    512.266    tsmc18 
DFFX4              6    498.960    tsmc18 
INVX1             53    352.598    tsmc18 
INVX2             15    149.688    tsmc18 
INVX3              1     13.306    tsmc18 
INVX4             19    252.806    tsmc18 
INVXL              1      6.653    tsmc18 
MXI2X1            10    232.848    tsmc18 
MXI2X2            22    585.446    tsmc18 
MXI2X4             8    372.557    tsmc18 
MXI2XL             1     23.285    tsmc18 
NAND2BX1           2     26.611    tsmc18 
NAND2BX2           3     59.875    tsmc18 
NAND2BX4           1     26.611    tsmc18 
NAND2BXL           1     13.306    tsmc18 
NAND2X1           18    179.626    tsmc18 
NAND2X2           26    432.432    tsmc18 
NAND2X4           13    302.702    tsmc18 
NOR2BXL            2     26.611    tsmc18 
NOR2X1             6     59.875    tsmc18 
NOR2X2             5     83.160    tsmc18 
NOR2X4             1     23.285    tsmc18 
OAI21X1           10    166.320    tsmc18 
OAI21X2           11    292.723    tsmc18 
OAI21X4            1     36.590    tsmc18 
OAI21XL           14    186.278    tsmc18 
OAI22X1            2     39.917    tsmc18 
OAI22XL            1     19.958    tsmc18 
OAI2BB1X1         13    216.216    tsmc18 
OAI2BB1X2         19    442.411    tsmc18 
OAI2BB1X4          6    199.584    tsmc18 
OAI2BB2X1          3     69.854    tsmc18 
OAI2BB2X2          1     33.264    tsmc18 
OAI2BB2X4          1     49.896    tsmc18 
OAI2BB2XL          1     23.285    tsmc18 
SDFFHQX4           3    259.459    tsmc18 
XNOR2X1            5    133.056    tsmc18 
XNOR3X2            3    179.626    tsmc18 
XOR2X1             7    186.278    tsmc18 
XOR2X2             1     33.264    tsmc18 
XOR2X4             2    113.098    tsmc18 
XOR3X2             5    299.376    tsmc18 
XOR3X4             4    399.168    tsmc18 
------------------------------------------
total            437  10348.430           


                                          
     Type      Instances    Area   Area % 
------------------------------------------
sequential            16  1270.685   12.3 
inverter             118  1067.774   10.3 
buffer                18  1187.525   11.5 
logic                285  6822.446   65.9 
physical_cells         0     0.000    0.0 
------------------------------------------
total                437 10348.430  100.0 

