============================================================
  Generated by:           Genus(TM) Synthesis Solution 20.11-s111_1
  Generated on:           Jul 05 2024  01:50:52 pm
  Module:                 dadda
  Operating conditions:   fast (balanced_tree)
  Wireload mode:          enclosed
  Area mode:              timing library
============================================================

Instance  Module   Cell Count  Cell Area  Net Area   Total Area   Wireload  
----------------------------------------------------------------------------
dadda                     437  10348.430     0.000    10348.430 <none> (D)  
  a1     right_da         210   4197.917     0.000     4197.917 <none> (D)  
    r1   hag                3     43.243     0.000       43.243 <none> (D)  
    r2   hag_105            1     39.917     0.000       39.917 <none> (D)  
    r3   fag                4     89.813     0.000       89.813 <none> (D)  
    r4   hag_104            3     43.243     0.000       43.243 <none> (D)  
    r5   fag_92             6    106.445     0.000      106.445 <none> (D)  
    r6   fag_91             4     99.792     0.000       99.792 <none> (D)  
    r7   hag_103            1     59.875     0.000       59.875 <none> (D)  
    r8   fag_90             7    159.667     0.000      159.667 <none> (D)  
    r9   fag_89             8    119.750     0.000      119.750 <none> (D)  
    r10  fag_88             5    119.750     0.000      119.750 <none> (D)  
    r11  fag_87             7    146.362     0.000      146.362 <none> (D)  
    r12  fag_86             6    116.424     0.000      116.424 <none> (D)  
    r13  hag_102            1     59.875     0.000       59.875 <none> (D)  
    r14  fag_85             6    116.424     0.000      116.424 <none> (D)  
    r15  fag_84             3    109.771     0.000      109.771 <none> (D)  
    r16  hag_101            1     59.875     0.000       59.875 <none> (D)  
    r17  fag_83             6    126.403     0.000      126.403 <none> (D)  
    r18  fag_82             7    143.035     0.000      143.035 <none> (D)  
    r19  fag_81             6    172.973     0.000      172.973 <none> (D)  
    r20  fag_80             8    169.646     0.000      169.646 <none> (D)  
    r21  fag_79             5     89.813     0.000       89.813 <none> (D)  
    r22  fag_78             5    109.771     0.000      109.771 <none> (D)  
    r23  hag_100            1     59.875     0.000       59.875 <none> (D)  
    r24  fag_77             5     96.466     0.000       96.466 <none> (D)  
    r25  fag_76             5    133.056     0.000      133.056 <none> (D)  
    r26  fag_75             5     83.160     0.000       83.160 <none> (D)  
    r27  fag_74             5    113.098     0.000      113.098 <none> (D)  
    r28  fag_73             9    136.382     0.000      136.382 <none> (D)  
    r29  fag_72             8    143.035     0.000      143.035 <none> (D)  
    r30  fag_71             3     89.813     0.000       89.813 <none> (D)  
    r31  fag_70             6    109.771     0.000      109.771 <none> (D)  
    r32  fag_69             5     99.792     0.000       99.792 <none> (D)  
  a2     left             159   3216.629     0.000     3216.629 <none> (D)  
    m1   hag_99             4     89.813     0.000       89.813 <none> (D)  
    m2   fag_68             7    146.362     0.000      146.362 <none> (D)  
    m3   hag_98             5     76.507     0.000       76.507 <none> (D)  
    m4   hag_97             1     59.875     0.000       59.875 <none> (D)  
    m5   hag_96             3     46.570     0.000       46.570 <none> (D)  
    m6   hag_95             3     83.160     0.000       83.160 <none> (D)  
    m7   fag_67             5    159.667     0.000      159.667 <none> (D)  
    m8   hag_94             1     39.917     0.000       39.917 <none> (D)  
    m9   fag_66             3     99.792     0.000       99.792 <none> (D)  
    m10  fag_65             6    103.118     0.000      103.118 <none> (D)  
    m11  fag_64             4     99.792     0.000       99.792 <none> (D)  
    m12  fag_63             6    103.118     0.000      103.118 <none> (D)  
    m13  fag_62             7    143.035     0.000      143.035 <none> (D)  
    m14  fag_61             7    149.688     0.000      149.688 <none> (D)  
    m15  fag_60             5    153.014     0.000      153.014 <none> (D)  
    m16  fag_59             6    113.098     0.000      113.098 <none> (D)  
    m17  fag_58             6     96.466     0.000       96.466 <none> (D)  
    m18  fag_57             3    129.730     0.000      129.730 <none> (D)  
    m19  fag_56             3     89.813     0.000       89.813 <none> (D)  
    m20  fag_55             7    103.118     0.000      103.118 <none> (D)  
    m21  fag_54             5     79.834     0.000       79.834 <none> (D)  
    m22  fag_53             5     83.160     0.000       83.160 <none> (D)  
    m23  fag_52             4     99.792     0.000       99.792 <none> (D)  
    m24  fag_51             4     76.507     0.000       76.507 <none> (D)  
    m25  fag_50             5    116.424     0.000      116.424 <none> (D)  
    m26  fag_49             5     93.139     0.000       93.139 <none> (D)  
  x1     rca3bit           16    266.112     0.000      266.112 <none> (D)  
    a1   hag_93             4     49.896     0.000       49.896 <none> (D)  
    a2   fag_48             3     99.792     0.000       99.792 <none> (D)  
    a3   fag_47             9    116.424     0.000      116.424 <none> (D)  
  x2     bec5bit           12    149.688     0.000      149.688 <none> (D)  
  (D) = wireload is default in technology library
