============================================================
  Generated by:           Genus(TM) Synthesis Solution 20.11-s111_1
  Generated on:           Jun 24 2024  01:39:08 pm
  Module:                 dadda
  Operating conditions:   fast (balanced_tree)
  Wireload mode:          enclosed
  Area mode:              timing library
============================================================

Instance  Module   Cell Count  Cell Area  Net Area   Total Area   Wireload  
----------------------------------------------------------------------------
dadda                     424   9872.755     0.000     9872.755 <none> (D)  
  a1     right_da         200   3758.832     0.000     3758.832 <none> (D)  
    r1   hag                3     43.243     0.000       43.243 <none> (D)  
    r2   hag_105            1     39.917     0.000       39.917 <none> (D)  
    r3   fag                4     89.813     0.000       89.813 <none> (D)  
    r4   hag_104            2     46.570     0.000       46.570 <none> (D)  
    r5   fag_92             6     96.466     0.000       96.466 <none> (D)  
    r6   fag_91             4    103.118     0.000      103.118 <none> (D)  
    r7   hag_103            4     63.202     0.000       63.202 <none> (D)  
    r8   fag_90             7    113.098     0.000      113.098 <none> (D)  
    r9   fag_89             5    109.771     0.000      109.771 <none> (D)  
    r10  fag_88             4     86.486     0.000       86.486 <none> (D)  
    r11  fag_87             7    119.750     0.000      119.750 <none> (D)  
    r12  fag_86             5    106.445     0.000      106.445 <none> (D)  
    r13  hag_102            1     59.875     0.000       59.875 <none> (D)  
    r14  fag_85             8    119.750     0.000      119.750 <none> (D)  
    r15  fag_84             6    109.771     0.000      109.771 <none> (D)  
    r16  hag_101            2     53.222     0.000       53.222 <none> (D)  
    r17  fag_83             7    119.750     0.000      119.750 <none> (D)  
    r18  fag_82             1    116.424     0.000      116.424 <none> (D)  
    r19  fag_81             4    113.098     0.000      113.098 <none> (D)  
    r20  fag_80             3     96.466     0.000       96.466 <none> (D)  
    r21  fag_79             6    103.118     0.000      103.118 <none> (D)  
    r22  fag_78             6     99.792     0.000       99.792 <none> (D)  
    r23  hag_100            1     59.875     0.000       59.875 <none> (D)  
    r24  fag_77             6     93.139     0.000       93.139 <none> (D)  
    r25  fag_76             5    113.098     0.000      113.098 <none> (D)  
    r26  fag_75             5     89.813     0.000       89.813 <none> (D)  
    r27  fag_74             6     93.139     0.000       93.139 <none> (D)  
    r28  fag_73             7    116.424     0.000      116.424 <none> (D)  
    r29  fag_72             7    123.077     0.000      123.077 <none> (D)  
    r30  fag_71             3     89.813     0.000       89.813 <none> (D)  
    r31  fag_70             7    116.424     0.000      116.424 <none> (D)  
    r32  fag_69             7    106.445     0.000      106.445 <none> (D)  
  a2     left             156   3160.080     0.000     3160.080 <none> (D)  
    m1   hag_99             3     73.181     0.000       73.181 <none> (D)  
    m2   fag_68             7    166.320     0.000      166.320 <none> (D)  
    m3   hag_98             5     83.160     0.000       83.160 <none> (D)  
    m4   hag_97             1     59.875     0.000       59.875 <none> (D)  
    m5   hag_96             4     49.896     0.000       49.896 <none> (D)  
    m6   hag_95             2     49.896     0.000       49.896 <none> (D)  
    m7   fag_67             4    136.382     0.000      136.382 <none> (D)  
    m8   hag_94             1     39.917     0.000       39.917 <none> (D)  
    m9   fag_66             8    169.646     0.000      169.646 <none> (D)  
    m10  fag_65             8    109.771     0.000      109.771 <none> (D)  
    m11  fag_64             5    103.118     0.000      103.118 <none> (D)  
    m12  fag_63             5    106.445     0.000      106.445 <none> (D)  
    m13  fag_62             7    143.035     0.000      143.035 <none> (D)  
    m14  fag_61             7     89.813     0.000       89.813 <none> (D)  
    m15  fag_60             6    143.035     0.000      143.035 <none> (D)  
    m16  fag_59             6    119.750     0.000      119.750 <none> (D)  
    m17  fag_58             3     89.813     0.000       89.813 <none> (D)  
    m18  fag_57             3     89.813     0.000       89.813 <none> (D)  
    m19  fag_56             3     89.813     0.000       89.813 <none> (D)  
    m20  fag_55             6    113.098     0.000      113.098 <none> (D)  
    m21  fag_54             5     86.486     0.000       86.486 <none> (D)  
    m22  fag_53             4     83.160     0.000       83.160 <none> (D)  
    m23  fag_52             5    116.424     0.000      116.424 <none> (D)  
    m24  fag_51             1     69.854     0.000       69.854 <none> (D)  
    m25  fag_50             4    116.424     0.000      116.424 <none> (D)  
    m26  fag_49             5     89.813     0.000       89.813 <none> (D)  
  x1     rca3bit           15    249.480     0.000      249.480 <none> (D)  
    a1   hag_93             3     33.264     0.000       33.264 <none> (D)  
    a2   fag_48             3     99.792     0.000       99.792 <none> (D)  
    a3   fag_47             9    116.424     0.000      116.424 <none> (D)  
  x2     bec5bit           13    162.994     0.000      162.994 <none> (D)  
  (D) = wireload is default in technology library
