============================================================
  Generated by:           Genus(TM) Synthesis Solution 20.11-s111_1
  Generated on:           Jun 24 2024  01:39:08 pm
  Module:                 dadda
  Operating conditions:   fast (balanced_tree)
  Wireload mode:          enclosed
  Area mode:              timing library
============================================================

                               
   Gate    Instances    Area    Library  
-----------------------------------------
ADDFHX4            1   116.424    tsmc18 
ADDFX2             1    69.854    tsmc18 
ADDHX1             2    79.834    tsmc18 
ADDHX2             3   179.626    tsmc18 
AHHCINX2           1    39.917    tsmc18 
AHHCONX2           1    36.590    tsmc18 
AND2X2            33   439.085    tsmc18 
AND2X4            11   182.952    tsmc18 
AOI22X1            3    49.896    tsmc18 
AOI22X2            2    59.875    tsmc18 
AOI2BB1X1          1    16.632    tsmc18 
AOI2BB1XL          1    16.632    tsmc18 
BUFX2              2    26.611    tsmc18 
BUFX3              2    26.611    tsmc18 
CLKBUFX16          6   379.210    tsmc18 
CLKBUFX20         10   798.336    tsmc18 
CLKINVX3          20   199.584    tsmc18 
CLKINVX4           1    13.306    tsmc18 
CMPR22X1           3   119.750    tsmc18 
DFFHQX4            6   439.085    tsmc18 
DFFX4              7   582.120    tsmc18 
INVX1             48   319.334    tsmc18 
INVX2             14   139.709    tsmc18 
INVX4             17   226.195    tsmc18 
INVXL              2    13.306    tsmc18 
MXI2X1            17   395.842    tsmc18 
MXI2X2            17   452.390    tsmc18 
MXI2X4             5   232.848    tsmc18 
MXI2XL             1    23.285    tsmc18 
NAND2BX1           5    66.528    tsmc18 
NAND2BX2           3    59.875    tsmc18 
NAND2X1           17   169.646    tsmc18 
NAND2X2           17   282.744    tsmc18 
NAND2X4           11   256.133    tsmc18 
NAND2XL            1     9.979    tsmc18 
NOR2BXL            1    13.306    tsmc18 
NOR2X1             5    49.896    tsmc18 
NOR2X2             3    49.896    tsmc18 
NOR2XL             1     9.979    tsmc18 
OAI21X1           10   166.320    tsmc18 
OAI21X2            6   159.667    tsmc18 
OAI21X4            1    36.590    tsmc18 
OAI21XL           23   306.029    tsmc18 
OAI22X1            1    19.958    tsmc18 
OAI22XL            2    39.917    tsmc18 
OAI2BB1X1         14   232.848    tsmc18 
OAI2BB1X2         22   512.266    tsmc18 
OAI2BB1X4          5   166.320    tsmc18 
OAI2BB2X1          2    46.570    tsmc18 
OAI2BB2X2          2    66.528    tsmc18 
OAI2BB2X4          1    49.896    tsmc18 
SDFFHQX4           3   259.459    tsmc18 
XNOR2X1            8   212.890    tsmc18 
XNOR2X2            1    36.590    tsmc18 
XOR2X1             9   239.501    tsmc18 
XOR2X2             3    99.792    tsmc18 
XOR3X2             8   479.002    tsmc18 
XOR3X4             1    99.792    tsmc18 
-----------------------------------------
total            424  9872.755           


                                         
     Type      Instances   Area   Area % 
-----------------------------------------
sequential            16 1280.664   13.0 
inverter             102  911.434    9.2 
buffer                20 1230.768   12.5 
logic                286 6449.890   65.3 
physical_cells         0    0.000    0.0 
-----------------------------------------
total                424 9872.755  100.0 

